app/build/intermediates/manifest_merge_blame_file/debug/manifest-merger-blame-debug-report.txt
1<?xml version="1.0" encoding="utf-8"?>
2<manifest xmlns:android="http://schemas.android.com/apk/res/android"
3    package="com.dicoding.picodiploma.mystoryapp2"
4    android:versionCode="1"
5    android:versionName="1.0" >
6
7    <uses-sdk
8        android:minSdkVersion="21"
8-->src/main/AndroidManifest.xml
9        android:targetSdkVersion="32" />
9-->src/main/AndroidManifest.xml
10
11    <uses-permission android:name="android.permission.INTERNET" />
11-->src/main/AndroidManifest.xml:6:5-67
11-->src/main/AndroidManifest.xml:6:22-64
12
13    <uses-feature android:name="android.hardware.camera" />
13-->src/main/AndroidManifest.xml:8:5-60
13-->src/main/AndroidManifest.xml:8:19-57
14
15    <uses-permission android:name="android.permission.CAMERA" />
15-->src/main/AndroidManifest.xml:10:5-65
15-->src/main/AndroidManifest.xml:10:22-62
16    <uses-permission android:name="android.permission.READ_EXTERNAL_STORAGE" />
16-->src/main/AndroidManifest.xml:11:5-80
16-->src/main/AndroidManifest.xml:11:22-77
17    <uses-permission android:name="android.permission.WRITE_EXTERNAL_STORAGE" />
17-->src/main/AndroidManifest.xml:12:5-81
17-->src/main/AndroidManifest.xml:12:22-78
18
19    <!-- Include required permissions for Google Maps API to run. -->
20    <uses-permission android:name="android.permission.ACCESS_NETWORK_STATE" />
20-->[com.google.android.gms:play-services-maps:18.1.0] AndroidManifest.xml:23:5-79
20-->[com.google.android.gms:play-services-maps:18.1.0] AndroidManifest.xml:23:22-76
21
22    <uses-feature
22-->[com.google.android.gms:play-services-maps:18.1.0] AndroidManifest.xml:26:5-28:35
23        android:glEsVersion="0x00020000"
23-->[com.google.android.gms:play-services-maps:18.1.0] AndroidManifest.xml:27:9-41
24        android:required="true" />
24-->[com.google.android.gms:play-services-maps:18.1.0] AndroidManifest.xml:28:9-32
25
26    <queries>
26-->[com.google.android.gms:play-services-maps:18.1.0] AndroidManifest.xml:30:5-34:15
27
28        <!-- Needs to be explicitly declared on Android R+ -->
29        <package android:name="com.google.android.apps.maps" />
29-->[com.google.android.gms:play-services-maps:18.1.0] AndroidManifest.xml:33:9-64
29-->[com.google.android.gms:play-services-maps:18.1.0] AndroidManifest.xml:33:18-61
30    </queries>
31
32    <application
32-->src/main/AndroidManifest.xml:14:5-67:19
33        android:name="com.dicoding.picodiploma.mystoryapp2.MainApplication"
33-->src/main/AndroidManifest.xml:15:9-40
34        android:allowBackup="true"
34-->src/main/AndroidManifest.xml:16:9-35
35        android:appComponentFactory="androidx.core.app.CoreComponentFactory"
35-->[androidx.core:core:1.8.0] AndroidManifest.xml:24:18-86
36        android:dataExtractionRules="@xml/data_extraction_rules"
36-->src/main/AndroidManifest.xml:17:9-65
37        android:debuggable="true"
38        android:fullBackupContent="@xml/backup_rules"
38-->src/main/AndroidManifest.xml:18:9-54
39        android:icon="@drawable/splash"
39-->src/main/AndroidManifest.xml:19:9-40
40        android:label="@string/app_name"
40-->src/main/AndroidManifest.xml:20:9-41
41        android:roundIcon="@drawable/splash"
41-->src/main/AndroidManifest.xml:21:9-45
42        android:supportsRtl="true"
42-->src/main/AndroidManifest.xml:22:9-35
43        android:testOnly="true"
44        android:theme="@style/Theme.MyStoryApp2" >
44-->src/main/AndroidManifest.xml:23:9-49
45        <meta-data
45-->src/main/AndroidManifest.xml:26:9-28:70
46            android:name="com.google.android.geo.API_KEY"
46-->src/main/AndroidManifest.xml:27:13-58
47            android:value="AIzaSyDKyDO6nMkY3yx-CVwD2u7VJGFVWET-sFk" />
47-->src/main/AndroidManifest.xml:28:13-68
48
49        <activity
49-->src/main/AndroidManifest.xml:29:9-32:45
50            android:name="com.dicoding.picodiploma.mystoryapp2.ui.MapsActivity"
50-->src/main/AndroidManifest.xml:30:13-44
51            android:exported="false" />
51-->src/main/AndroidManifest.xml:31:13-37
52        <activity
52-->src/main/AndroidManifest.xml:33:9-35:40
53            android:name="com.dicoding.picodiploma.mystoryapp2.ui.AddStoriesActivity"
53-->src/main/AndroidManifest.xml:34:13-50
54            android:exported="false" />
54-->src/main/AndroidManifest.xml:35:13-37
55        <activity
55-->src/main/AndroidManifest.xml:36:9-38:40
56            android:name="com.dicoding.picodiploma.mystoryapp2.ui.DetailStoryActivity"
56-->src/main/AndroidManifest.xml:37:13-51
57            android:exported="false" />
57-->src/main/AndroidManifest.xml:38:13-37
58        <activity
58-->src/main/AndroidManifest.xml:39:9-41:40
59            android:name="com.dicoding.picodiploma.mystoryapp2.ui.AllStoriesActivity"
59-->src/main/AndroidManifest.xml:40:13-50
60            android:exported="false" />
60-->src/main/AndroidManifest.xml:41:13-37
61        <activity
61-->src/main/AndroidManifest.xml:42:9-44:40
62            android:name="com.dicoding.picodiploma.mystoryapp2.ui.RegisterActivity"
62-->src/main/AndroidManifest.xml:43:13-48
63            android:exported="false" />
63-->src/main/AndroidManifest.xml:44:13-37
64        <activity
64-->src/main/AndroidManifest.xml:45:9-47:40
65            android:name="com.dicoding.picodiploma.mystoryapp2.ui.LoginActivity"
65-->src/main/AndroidManifest.xml:46:13-45
66            android:exported="false" />
66-->src/main/AndroidManifest.xml:47:13-37
67        <activity
67-->src/main/AndroidManifest.xml:48:9-56:20
68            android:name="com.dicoding.picodiploma.mystoryapp2.ui.MainActivity"
68-->src/main/AndroidManifest.xml:49:13-44
69            android:exported="true" >
69-->src/main/AndroidManifest.xml:50:13-36
70            <intent-filter>
70-->src/main/AndroidManifest.xml:51:13-55:29
71                <action android:name="android.intent.action.MAIN" />
71-->src/main/AndroidManifest.xml:52:17-69
71-->src/main/AndroidManifest.xml:52:25-66
72
73                <category android:name="android.intent.category.LAUNCHER" />
73-->src/main/AndroidManifest.xml:54:17-77
73-->src/main/AndroidManifest.xml:54:27-74
74            </intent-filter>
75        </activity>
76
77        <provider
77-->src/main/AndroidManifest.xml:58:9-66:20
78            android:name="androidx.core.content.FileProvider"
78-->src/main/AndroidManifest.xml:59:13-62
79            android:authorities="com.dicoding.picodiploma.mystoryapp2"
79-->src/main/AndroidManifest.xml:60:13-71
80            android:exported="false"
80-->src/main/AndroidManifest.xml:61:13-37
81            android:grantUriPermissions="true" >
81-->src/main/AndroidManifest.xml:62:13-47
82            <meta-data
82-->src/main/AndroidManifest.xml:63:13-65:54
83                android:name="android.support.FILE_PROVIDER_PATHS"
83-->src/main/AndroidManifest.xml:64:17-67
84                android:resource="@xml/file_paths" />
84-->src/main/AndroidManifest.xml:65:17-51
85        </provider>
86        <!-- Needs to be explicitly declared on P+ -->
87        <uses-library
87-->[com.google.android.gms:play-services-maps:18.1.0] AndroidManifest.xml:39:9-41:40
88            android:name="org.apache.http.legacy"
88-->[com.google.android.gms:play-services-maps:18.1.0] AndroidManifest.xml:40:13-50
89            android:required="false" />
89-->[com.google.android.gms:play-services-maps:18.1.0] AndroidManifest.xml:41:13-37
90
91        <activity
91-->[com.google.android.gms:play-services-base:18.1.0] AndroidManifest.xml:20:9-22:45
92            android:name="com.google.android.gms.common.api.GoogleApiActivity"
92-->[com.google.android.gms:play-services-base:18.1.0] AndroidManifest.xml:20:19-85
93            android:exported="false"
93-->[com.google.android.gms:play-services-base:18.1.0] AndroidManifest.xml:22:19-43
94            android:theme="@android:style/Theme.Translucent.NoTitleBar" />
94-->[com.google.android.gms:play-services-base:18.1.0] AndroidManifest.xml:21:19-78
95
96        <meta-data
96-->[com.google.android.gms:play-services-basement:18.1.0] AndroidManifest.xml:21:9-23:69
97            android:name="com.google.android.gms.version"
97-->[com.google.android.gms:play-services-basement:18.1.0] AndroidManifest.xml:22:13-58
98            android:value="@integer/google_play_services_version" />
98-->[com.google.android.gms:play-services-basement:18.1.0] AndroidManifest.xml:23:13-66
99
100        <uses-library
100-->[androidx.window:window:1.0.0] AndroidManifest.xml:25:9-27:40
101            android:name="androidx.window.extensions"
101-->[androidx.window:window:1.0.0] AndroidManifest.xml:26:13-54
102            android:required="false" />
102-->[androidx.window:window:1.0.0] AndroidManifest.xml:27:13-37
103        <uses-library
103-->[androidx.window:window:1.0.0] AndroidManifest.xml:28:9-30:40
104            android:name="androidx.window.sidecar"
104-->[androidx.window:window:1.0.0] AndroidManifest.xml:29:13-51
105            android:required="false" />
105-->[androidx.window:window:1.0.0] AndroidManifest.xml:30:13-37
106
107        <service
107-->[androidx.room:room-runtime:2.4.3] AndroidManifest.xml:25:9-28:40
108            android:name="androidx.room.MultiInstanceInvalidationService"
108-->[androidx.room:room-runtime:2.4.3] AndroidManifest.xml:26:13-74
109            android:directBootAware="true"
109-->[androidx.room:room-runtime:2.4.3] AndroidManifest.xml:27:13-43
110            android:exported="false" />
110-->[androidx.room:room-runtime:2.4.3] AndroidManifest.xml:28:13-37
111        <service
111-->[androidx.camera:camera-camera2:1.1.0] AndroidManifest.xml:26:9-35:19
112            android:name="androidx.camera.core.impl.MetadataHolderService"
112-->[androidx.camera:camera-camera2:1.1.0] AndroidManifest.xml:27:13-75
113            android:enabled="false"
113-->[androidx.camera:camera-camera2:1.1.0] AndroidManifest.xml:28:13-36
114            android:exported="false" >
114-->[androidx.camera:camera-camera2:1.1.0] AndroidManifest.xml:29:13-37
115            <meta-data
115-->[androidx.camera:camera-camera2:1.1.0] AndroidManifest.xml:32:13-34:89
116                android:name="androidx.camera.core.impl.MetadataHolderService.DEFAULT_CONFIG_PROVIDER"
116-->[androidx.camera:camera-camera2:1.1.0] AndroidManifest.xml:33:17-103
117                android:value="androidx.camera.camera2.Camera2Config$DefaultProvider" />
117-->[androidx.camera:camera-camera2:1.1.0] AndroidManifest.xml:34:17-86
118        </service>
119
120        <provider
120-->[androidx.emoji2:emoji2:1.2.0] AndroidManifest.xml:24:9-32:20
121            android:name="androidx.startup.InitializationProvider"
121-->[androidx.emoji2:emoji2:1.2.0] AndroidManifest.xml:25:13-67
122            android:authorities="com.dicoding.picodiploma.mystoryapp2.androidx-startup"
122-->[androidx.emoji2:emoji2:1.2.0] AndroidManifest.xml:26:13-68
123            android:exported="false" >
123-->[androidx.emoji2:emoji2:1.2.0] AndroidManifest.xml:27:13-37
124            <meta-data
124-->[androidx.emoji2:emoji2:1.2.0] AndroidManifest.xml:29:13-31:52
125                android:name="androidx.emoji2.text.EmojiCompatInitializer"
125-->[androidx.emoji2:emoji2:1.2.0] AndroidManifest.xml:30:17-75
126                android:value="androidx.startup" />
126-->[androidx.emoji2:emoji2:1.2.0] AndroidManifest.xml:31:17-49
127            <meta-data
127-->[androidx.lifecycle:lifecycle-process:2.4.1] AndroidManifest.xml:31:13-33:52
128                android:name="androidx.lifecycle.ProcessLifecycleInitializer"
128-->[androidx.lifecycle:lifecycle-process:2.4.1] AndroidManifest.xml:32:17-78
129                android:value="androidx.startup" />
129-->[androidx.lifecycle:lifecycle-process:2.4.1] AndroidManifest.xml:33:17-49
130        </provider>
131    </application>
132
133</manifest>